  源.cpp
d:\code_and_program\opencv\harris\harris\源.cpp(58): warning C4244: “=”: 从“double”转换到“_Tp”，可能丢失数据
          with
          [
              _Tp=float
          ]
d:\code_and_program\opencv\harris\harris\源.cpp(59): warning C4244: “=”: 从“double”转换到“_Tp”，可能丢失数据
          with
          [
              _Tp=float
          ]
d:\code_and_program\opencv\harris\harris\源.cpp(60): warning C4244: “=”: 从“double”转换到“_Tp”，可能丢失数据
          with
          [
              _Tp=float
          ]
d:\code_and_program\opencv\harris\harris\源.cpp(106): warning C4244: “=”: 从“double”转换到“_Tp”，可能丢失数据
          with
          [
              _Tp=float
          ]
d:\code_and_program\opencv\harris\harris\源.cpp(111): warning C4244: “=”: 从“double”转换到“_Tp”，可能丢失数据
          with
          [
              _Tp=float
          ]
d:\code_and_program\opencv\harris\harris\源.cpp(112): warning C4244: “=”: 从“double”转换到“_Tp”，可能丢失数据
          with
          [
              _Tp=float
          ]
d:\code_and_program\opencv\harris\harris\源.cpp(119): warning C4244: “=”: 从“double”转换到“_Tp”，可能丢失数据
          with
          [
              _Tp=float
          ]
  Harris.vcxproj -> D:\code_and_program\opencv\Harris\x64\Debug\Harris.exe
